qualityInspectorHelper/build/outputs/logs/manifest-merger-debug-report.txt
-- Merging decision tree log ---
manifest
ADDED from src\main\AndroidManifest.xml:2:1-47:12
	xmlns:android
		ADDED from src\main\AndroidManifest.xml:2:11-69
	package
		ADDED from src\main\AndroidManifest.xml:3:5-53
		INJECTED from src\main\AndroidManifest.xml
		INJECTED from src\main\AndroidManifest.xml
	android:versionName
		ADDED from src\main\AndroidManifest.xml:5:5-30
		INJECTED from src\main\AndroidManifest.xml
		INJECTED from src\main\AndroidManifest.xml
	android:versionCode
		ADDED from src\main\AndroidManifest.xml:4:5-28
		INJECTED from src\main\AndroidManifest.xml
		INJECTED from src\main\AndroidManifest.xml
uses-sdk
ADDED from src\main\AndroidManifest.xml:7:5-9:41
	android:targetSdkVersion
		ADDED from src\main\AndroidManifest.xml:9:9-38
		INJECTED from src\main\AndroidManifest.xml
		INJECTED from src\main\AndroidManifest.xml
	android:minSdkVersion
		ADDED from src\main\AndroidManifest.xml:8:9-35
		INJECTED from src\main\AndroidManifest.xml
		INJECTED from src\main\AndroidManifest.xml
uses-permission#android.permission.CALL_PHONE
ADDED from src\main\AndroidManifest.xml:11:5-69
	android:name
		ADDED from src\main\AndroidManifest.xml:11:22-66
uses-permission#android.permission.INTERNET
ADDED from src\main\AndroidManifest.xml:12:5-67
	android:name
		ADDED from src\main\AndroidManifest.xml:12:22-64
uses-permission#android.permission.READ_EXTERNAL_STORAGE
ADDED from src\main\AndroidManifest.xml:13:5-80
	android:name
		ADDED from src\main\AndroidManifest.xml:13:22-77
uses-permission#android.permission.WRITE_EXTERNAL_STORAGE
ADDED from src\main\AndroidManifest.xml:14:5-81
	android:name
		ADDED from src\main\AndroidManifest.xml:14:22-78
android:uses-permission#android.permission.READ_PHONE_STATE
ADDED from src\main\AndroidManifest.xml:16:5-83
	android:name
		ADDED from src\main\AndroidManifest.xml:16:30-80
application
ADDED from src\main\AndroidManifest.xml:18:5-45:19
	android:label
		ADDED from src\main\AndroidManifest.xml:21:9-41
	android:allowBackup
		ADDED from src\main\AndroidManifest.xml:19:9-35
	android:icon
		ADDED from src\main\AndroidManifest.xml:20:9-38
	android:theme
		ADDED from src\main\AndroidManifest.xml:22:9-40
activity#com.newideasoft.qualityinspectorhelper.LoginActivity
ADDED from src\main\AndroidManifest.xml:23:9-31:20
	android:label
		ADDED from src\main\AndroidManifest.xml:25:13-45
	android:name
		ADDED from src\main\AndroidManifest.xml:24:13-42
intent-filter#android.intent.action.MAIN+android.intent.category.LAUNCHER
ADDED from src\main\AndroidManifest.xml:26:13-30:29
action#android.intent.action.MAIN
ADDED from src\main\AndroidManifest.xml:27:17-69
	android:name
		ADDED from src\main\AndroidManifest.xml:27:25-66
category#android.intent.category.LAUNCHER
ADDED from src\main\AndroidManifest.xml:29:17-77
	android:name
		ADDED from src\main\AndroidManifest.xml:29:27-74
activity#com.newideasoft.qualityinspectorhelper.MainActivity
ADDED from src\main\AndroidManifest.xml:32:9-34:57
	android:label
		ADDED from src\main\AndroidManifest.xml:34:13-45
	android:name
		ADDED from src\main\AndroidManifest.xml:33:13-41
activity#com.newideasoft.qualityinspectorhelper.CreatNewCustomerActivity
ADDED from src\main\AndroidManifest.xml:35:9-37:82
	android:label
		ADDED from src\main\AndroidManifest.xml:37:13-70
	android:name
		ADDED from src\main\AndroidManifest.xml:36:13-53
activity#com.newideasoft.qualityinspectorhelper.InspectStandardActivity
ADDED from src\main\AndroidManifest.xml:38:9-40:86
	android:label
		ADDED from src\main\AndroidManifest.xml:40:13-74
	android:name
		ADDED from src\main\AndroidManifest.xml:39:13-52
service#com.newideasoft.qualityinspectorhelper.FileDownloadService
ADDED from src\main\AndroidManifest.xml:42:9-56
	android:name
		ADDED from src\main\AndroidManifest.xml:42:18-53
activity#com.newideasoft.qualityinspectorhelper.Main2Activity
ADDED from src\main\AndroidManifest.xml:44:9-60
	android:name
		ADDED from src\main\AndroidManifest.xml:44:19-48